[04:17:46] [main/INFO]: Setting user: Player515
[04:17:46] [Client thread/INFO]: LWJGL Version: 2.9.1
[04:17:50] [Client thread/INFO]: Reloading ResourceManager: Default, FMLFileResourcePack:Forge Mod Loader, FMLFileResourcePack:Minecraft Forge, FMLFileResourcePack:Immersive Thunder
[04:17:51] [Sound Library Loader/INFO]: Sound engine started
[04:17:51] [Client thread/INFO]: Created: 16x16 textures/blocks-atlas
[04:17:51] [Client thread/INFO]: Created: 16x16 textures/items-atlas
[04:17:51] [Client thread/INFO]: Reloading ResourceManager: Default, FMLFileResourcePack:Forge Mod Loader, FMLFileResourcePack:Minecraft Forge, FMLFileResourcePack:Immersive Thunder
[04:17:52] [Client thread/INFO]: Created: 512x256 textures/blocks-atlas
[04:17:52] [Client thread/INFO]: Created: 256x256 textures/items-atlas
[04:17:52] [Sound Library Loader/INFO]: Sound engine started
[04:17:59] [Server thread/INFO]: Starting integrated minecraft server version 1.7.10
[04:17:59] [Server thread/INFO]: Generating keypair
[04:17:59] [Server thread/INFO]: Preparing start region for level 0
[04:17:59] [Server thread/INFO]: Changing view distance to 12, from 10
[04:18:00] [Server thread/INFO]: Player515[local:E:8a56460d] logged in with entity id 219 at (-93.21313817029295, 4.0, 527.2401095150228)
[04:18:00] [Server thread/INFO]: Player515 joined the game
[04:18:03] [Server thread/INFO]: Saving and pausing game...
[04:18:03] [Server thread/INFO]: Saving chunks for level 'New World'/Overworld
[04:18:03] [Server thread/INFO]: Saving chunks for level 'New World'/Nether
[04:18:03] [Server thread/INFO]: Saving chunks for level 'New World'/The End
[04:18:38] [Server thread/INFO]: Saving and pausing game...
[04:18:38] [Server thread/INFO]: Saving chunks for level 'New World'/Overworld
[04:18:38] [Server thread/INFO]: Saving chunks for level 'New World'/Nether
[04:18:38] [Server thread/INFO]: Saving chunks for level 'New World'/The End
[04:19:23] [Server thread/INFO]: Player515 has just earned the achievement [Taking Inventory]
[04:19:23] [Client thread/INFO]: [CHAT] Player515 has just earned the achievement [Taking Inventory]
[04:19:56] [Server thread/INFO]: Saving and pausing game...
[04:19:56] [Server thread/INFO]: Saving chunks for level 'New World'/Overworld
[04:19:56] [Server thread/INFO]: Saving chunks for level 'New World'/Nether
[04:19:56] [Server thread/INFO]: Saving chunks for level 'New World'/The End
[04:20:06] [Server thread/INFO]: Saving and pausing game...
[04:20:06] [Server thread/INFO]: Saving chunks for level 'New World'/Overworld
[04:20:06] [Server thread/INFO]: Saving chunks for level 'New World'/Nether
[04:20:06] [Server thread/INFO]: Saving chunks for level 'New World'/The End
[04:20:44] [Client thread/INFO]: [CHAT] Bat, Blaze, Boat
[04:20:45] [Client thread/INFO]: [CHAT] Bat, Blaze, Boat
[04:20:46] [Client thread/INFO]: [CHAT] EntityHorse, EnderDragon, EnderCrystal, Enderman
[04:21:10] [Server thread/WARN]: Skipping Entity with id LightningBolt
[04:21:10] [Server thread/INFO]: [Player515: Unable to summon object]
[04:21:10] [Client thread/INFO]: [CHAT] Unable to summon object
[04:21:11] [Server thread/INFO]: Saving and pausing game...
[04:21:11] [Server thread/INFO]: Saving chunks for level 'New World'/Overworld
[04:21:11] [Server thread/INFO]: Saving chunks for level 'New World'/Nether
[04:21:11] [Server thread/INFO]: Saving chunks for level 'New World'/The End
[04:21:28] [Server thread/WARN]: Skipping Entity with id LightningBolt
[04:21:28] [Server thread/INFO]: [Player515: Unable to summon object]
[04:21:29] [Client thread/INFO]: [CHAT] Unable to summon object
[04:21:29] [Server thread/INFO]: Saving and pausing game...
[04:21:29] [Server thread/INFO]: Saving chunks for level 'New World'/Overworld
[04:21:29] [Server thread/INFO]: Saving chunks for level 'New World'/Nether
[04:21:29] [Server thread/INFO]: Saving chunks for level 'New World'/The End
[04:21:33] [Server thread/INFO]: [Player515: Cannot summon the object out of the world]
[04:21:33] [Client thread/INFO]: [CHAT] Cannot summon the object out of the world
[04:21:39] [Server thread/WARN]: Skipping Entity with id LightningBolt
[04:21:39] [Server thread/INFO]: [Player515: Unable to summon object]
[04:21:39] [Client thread/INFO]: [CHAT] Unable to summon object
[04:21:46] [Server thread/WARN]: Skipping Entity with id LightningBolt
[04:21:46] [Server thread/INFO]: [Player515: Unable to summon object]
[04:21:46] [Client thread/INFO]: [CHAT] Unable to summon object
[04:22:05] [Server thread/INFO]: Saving and pausing game...
[04:22:05] [Server thread/INFO]: Saving chunks for level 'New World'/Overworld
[04:22:05] [Server thread/INFO]: Saving chunks for level 'New World'/Nether
[04:22:05] [Server thread/INFO]: Saving chunks for level 'New World'/The End
[04:23:39] [Server thread/INFO]: Saving and pausing game...
[04:23:39] [Server thread/INFO]: Saving chunks for level 'New World'/Overworld
[04:23:39] [Server thread/INFO]: Saving chunks for level 'New World'/Nether
[04:23:39] [Server thread/INFO]: Saving chunks for level 'New World'/The End
[04:23:39] [Server thread/INFO]: Stopping server
[04:23:39] [Server thread/INFO]: Saving players
[04:23:39] [Server thread/INFO]: Saving worlds
[04:23:39] [Server thread/INFO]: Saving chunks for level 'New World'/Overworld
[04:23:39] [Server thread/INFO]: Saving chunks for level 'New World'/Nether
[04:23:39] [Server thread/INFO]: Saving chunks for level 'New World'/The End
[04:23:41] [Client thread/INFO]: Deleting level New World
[04:23:41] [Client thread/INFO]: Attempt 1...
[04:23:43] [Server thread/INFO]: Starting integrated minecraft server version 1.7.10
[04:23:43] [Server thread/INFO]: Generating keypair
[04:23:43] [Server thread/INFO]: Converting map!
[04:23:43] [Server thread/INFO]: Scanning folders...
[04:23:43] [Server thread/INFO]: Total conversion count is 0
[04:23:43] [Server thread/INFO]: Preparing start region for level 0
[04:23:44] [Server thread/INFO]: Preparing spawn area: 47%
[04:23:45] [Server thread/INFO]: Preparing spawn area: 99%
[04:23:45] [Server thread/INFO]: Changing view distance to 12, from 10
[04:23:45] [Server thread/INFO]: Player515[local:E:aa477076] logged in with entity id 1032090 at (-166.5, 90.0, 128.5)
[04:23:45] [Server thread/INFO]: Player515 joined the game
[04:23:45] [Server thread/INFO]: Saving and pausing game...
[04:23:45] [Server thread/INFO]: Saving chunks for level 'New World'/Overworld
[04:23:46] [Server thread/INFO]: Saving chunks for level 'New World'/Nether
[04:23:46] [Server thread/INFO]: Saving chunks for level 'New World'/The End
[04:23:49] [Server thread/INFO]: [Player515: Changing to rain and thunder]
[04:23:49] [Client thread/INFO]: [CHAT] Changing to rain and thunder
[04:24:23] [Server thread/INFO]: Player515 has just earned the achievement [Taking Inventory]
[04:24:23] [Client thread/INFO]: [CHAT] Player515 has just earned the achievement [Taking Inventory]
[04:24:24] [Server thread/INFO]: Saving and pausing game...
[04:24:24] [Server thread/INFO]: Saving chunks for level 'New World'/Overworld
[04:24:24] [Server thread/INFO]: Saving chunks for level 'New World'/Nether
[04:24:24] [Server thread/INFO]: Saving chunks for level 'New World'/The End
[04:24:32] [Server thread/INFO]: Saving and pausing game...
[04:24:32] [Server thread/INFO]: Saving chunks for level 'New World'/Overworld
[04:24:32] [Server thread/INFO]: Saving chunks for level 'New World'/Nether
[04:24:32] [Server thread/INFO]: Saving chunks for level 'New World'/The End
[04:24:33] [Client thread/INFO]: Stopping!
[04:24:33] [Server thread/INFO]: Stopping server
[04:24:33] [Server thread/INFO]: Saving players
[04:24:33] [Server thread/INFO]: Saving worlds
[04:24:33] [Server thread/INFO]: Saving chunks for level 'New World'/Overworld
[04:24:33] [Server thread/INFO]: Saving chunks for level 'New World'/Nether
[04:24:33] [Server thread/INFO]: Saving chunks for level 'New World'/The End
[04:24:33] [Client Shutdown Thread/INFO]: Stopping server
[04:24:33] [Client Shutdown Thread/INFO]: Saving players
